
To git@github.com:embpgp/gitfub.git
   a0b59be..70fe43d  master -> master
**********successful********************************************
*********Begin the (2) times commit*****************************
[master 1b5b41d] the 2 times commit
 2 files changed, 6 insertions(+), 133 deletions(-)
 rewrite nohup.out (97%)
To git@github.com:embpgp/gitfub.git
   70fe43d..1b5b41d  master -> master
**********successful********************************************
*********Begin the (3) times commit*****************************
[master 26a2049] the 3 times commit
 2 files changed, 8 insertions(+), 1 deletion(-)
To git@github.com:embpgp/gitfub.git
   1b5b41d..26a2049  master -> master
**********successful********************************************
*********Begin the (4) times commit*****************************
[master ebf993a] the 4 times commit
 2 files changed, 7 insertions(+), 1 deletion(-)
To git@github.com:embpgp/gitfub.git
   26a2049..ebf993a  master -> master
**********successful********************************************
*********Begin the (5) times commit*****************************
[master e908ae1] the 5 times commit
 2 files changed, 7 insertions(+), 1 deletion(-)
To git@github.com:embpgp/gitfub.git
   ebf993a..e908ae1  master -> master
**********successful********************************************
*********Begin the (6) times commit*****************************
[master 1c7222f] the 6 times commit
 2 files changed, 7 insertions(+), 1 deletion(-)
To git@github.com:embpgp/gitfub.git
   e908ae1..1c7222f  master -> master
**********successful********************************************
*********Begin the (7) times commit*****************************
[master fc2edaa] the 7 times commit
 2 files changed, 7 insertions(+), 1 deletion(-)
To git@github.com:embpgp/gitfub.git
   1c7222f..fc2edaa  master -> master
**********successful********************************************
*********Begin the (8) times commit*****************************
[master 42bed84] the 8 times commit
 2 files changed, 7 insertions(+), 1 deletion(-)
To git@github.com:embpgp/gitfub.git
   fc2edaa..42bed84  master -> master
**********successful********************************************
*********Begin the (9) times commit*****************************
[master 88c0289] the 9 times commit
 2 files changed, 7 insertions(+), 1 deletion(-)
To git@github.com:embpgp/gitfub.git
   42bed84..88c0289  master -> master
**********successful********************************************
*********Begin the (10) times commit*****************************
[master 985e1ea] the 10 times commit
 2 files changed, 7 insertions(+), 1 deletion(-)
To git@github.com:embpgp/gitfub.git
   88c0289..985e1ea  master -> master
**********successful********************************************
*********Begin the (11) times commit*****************************
[master f196897] the 11 times commit
 2 files changed, 7 insertions(+), 1 deletion(-)
To git@github.com:embpgp/gitfub.git
   985e1ea..f196897  master -> master
**********successful********************************************
*********Begin the (12) times commit*****************************
[master 48a4ae9] the 12 times commit
 2 files changed, 7 insertions(+), 1 deletion(-)
To git@github.com:embpgp/gitfub.git
   f196897..48a4ae9  master -> master
**********successful********************************************
*********Begin the (13) times commit*****************************
[master 90cecc1] the 13 times commit
 2 files changed, 7 insertions(+), 1 deletion(-)
To git@github.com:embpgp/gitfub.git
   48a4ae9..90cecc1  master -> master
**********successful********************************************
*********Begin the (14) times commit*****************************
[master 243f357] the 14 times commit
 2 files changed, 7 insertions(+), 1 deletion(-)
To git@github.com:embpgp/gitfub.git
   90cecc1..243f357  master -> master
**********successful********************************************
*********Begin the (15) times commit*****************************
[master 2c45608] the 15 times commit
 2 files changed, 7 insertions(+), 1 deletion(-)
To git@github.com:embpgp/gitfub.git
   243f357..2c45608  master -> master
**********successful********************************************
*********Begin the (16) times commit*****************************
[master 8e96db3] the 16 times commit
 2 files changed, 7 insertions(+), 1 deletion(-)
To git@github.com:embpgp/gitfub.git
   2c45608..8e96db3  master -> master
**********successful********************************************
*********Begin the (17) times commit*****************************
